2015-07-03 23:16:55 - PHP Notice:  Error: Table 'golebar.glb_paypal_order' doesn't exist<br />Error No: 1146<br />SELECT * FROM `glb_paypal_order` WHERE `order_id` = '186' LIMIT 1 in /var/www/html/system/library/db/mysqli.php on line 41
2015-07-03 23:16:55 - PHP Notice:  Trying to get property of non-object in /var/www/html/admin/model/payment/pp_express.php on line 70
2015-07-04 0:36:49 - PHP Notice:  Error: DATA not accepted from server! in /var/www/html/system/library/mail.php on line 383
2015-07-04 0:39:30 - PHP Notice:  Error: DATA not accepted from server! in /var/www/html/system/library/mail.php on line 383
2015-07-04 5:53:15 - PHP Notice:  Use of undefined constant hours - assumed 'hours' in /var/www/html/catalog/view/theme/golebar_theme/template/module/featured.tpl on line 40
2015-07-04 5:54:09 - PHP Notice:  Undefined index: min in /var/www/html/catalog/view/theme/golebar_theme/template/module/featured.tpl on line 40
2015-07-04 5:54:09 - PHP Notice:  Undefined index: sec in /var/www/html/catalog/view/theme/golebar_theme/template/module/featured.tpl on line 40
2015-07-04 12:34:02 - PHP Notice:  Undefined index: fax in /var/www/html/catalog/model/account/customer.php on line 16
2015-07-04 12:34:02 - PHP Notice:  Undefined index: company in /var/www/html/catalog/model/account/customer.php on line 20
2015-07-04 19:05:20 - PHP Warning:  htmlspecialchars(): Invalid multibyte sequence in argument in /var/www/html/system/library/request.php on line 26
2015-07-04 19:05:20 - PHP Warning:  htmlspecialchars(): Invalid multibyte sequence in argument in /var/www/html/system/library/request.php on line 26
2015-07-04 19:05:20 - PHP Warning:  htmlspecialchars(): Invalid multibyte sequence in argument in /var/www/html/system/library/request.php on line 26
2015-07-04 19:05:20 - PHP Warning:  htmlspecialchars(): Invalid multibyte sequence in argument in /var/www/html/system/library/request.php on line 26
2015-07-05 6:28:12 - PHP Notice:  Undefined index: fax in /var/www/html/catalog/model/account/customer.php on line 16
2015-07-05 6:28:12 - PHP Notice:  Undefined index: company in /var/www/html/catalog/model/account/customer.php on line 20
2015-07-05 7:42:57 - PHP Notice:  Undefined index: fax in /var/www/html/catalog/model/account/customer.php on line 16
2015-07-05 7:42:57 - PHP Notice:  Undefined index: company in /var/www/html/catalog/model/account/customer.php on line 20
2015-07-05 9:44:07 - PHP Notice:  Undefined variable: help_usere in /var/www/html/admin/view/template/payment/pp_payflow.tpl on line 38
2015-07-06 19:40:05 - PHP Warning:  fsockopen(): php_network_getaddresses: getaddrinfo failed: Name or service not known in /var/www/html/system/library/mail.php on line 170
2015-07-06 19:40:05 - PHP Warning:  fsockopen(): unable to connect to :465 (php_network_getaddresses: getaddrinfo failed: Name or service not known) in /var/www/html/system/library/mail.php on line 170
2015-07-06 19:40:05 - PHP Notice:  Error: php_network_getaddresses: getaddrinfo failed: Name or service not known (0) in /var/www/html/system/library/mail.php on line 173
2015-07-06 23:09:52 - PHP Warning:  mkdir(): Permission denied in /var/www/html/admin/controller/common/filemanager.php on line 322
2015-07-06 23:10:00 - PHP Warning:  mkdir(): Permission denied in /var/www/html/admin/controller/common/filemanager.php on line 322
2015-07-06 23:10:07 - PHP Warning:  mkdir(): Permission denied in /var/www/html/admin/controller/common/filemanager.php on line 322
2015-07-06 23:11:24 - PHP Notice:  Undefined index: fax in /var/www/html/catalog/model/account/customer.php on line 16
2015-07-06 23:11:24 - PHP Notice:  Undefined index: company in /var/www/html/catalog/model/account/customer.php on line 20
2015-07-07 14:12:32 - PHP Warning:  fsockopen(): php_network_getaddresses: getaddrinfo failed: Name or service not known in /var/www/html/system/library/mail.php on line 170
2015-07-07 14:12:32 - PHP Warning:  fsockopen(): unable to connect to :465 (php_network_getaddresses: getaddrinfo failed: Name or service not known) in /var/www/html/system/library/mail.php on line 170
2015-07-07 14:12:32 - PHP Notice:  Error: php_network_getaddresses: getaddrinfo failed: Name or service not known (0) in /var/www/html/system/library/mail.php on line 173
2015-07-07 14:12:53 - PHP Warning:  fsockopen(): php_network_getaddresses: getaddrinfo failed: Name or service not known in /var/www/html/system/library/mail.php on line 170
2015-07-07 14:12:53 - PHP Warning:  fsockopen(): unable to connect to :465 (php_network_getaddresses: getaddrinfo failed: Name or service not known) in /var/www/html/system/library/mail.php on line 170
2015-07-07 14:12:53 - PHP Notice:  Error: php_network_getaddresses: getaddrinfo failed: Name or service not known (0) in /var/www/html/system/library/mail.php on line 173
2015-07-07 20:05:52 - PHP Warning:  fsockopen(): php_network_getaddresses: getaddrinfo failed: Name or service not known in /var/www/html/system/library/mail.php on line 170
2015-07-07 20:05:52 - PHP Warning:  fsockopen(): unable to connect to :465 (php_network_getaddresses: getaddrinfo failed: Name or service not known) in /var/www/html/system/library/mail.php on line 170
2015-07-07 20:05:52 - PHP Notice:  Error: php_network_getaddresses: getaddrinfo failed: Name or service not known (0) in /var/www/html/system/library/mail.php on line 173
2015-07-07 21:52:30 - PHP Warning:  fsockopen(): php_network_getaddresses: getaddrinfo failed: Name or service not known in /var/www/html/system/library/mail.php on line 170
2015-07-07 21:52:30 - PHP Warning:  fsockopen(): unable to connect to :465 (php_network_getaddresses: getaddrinfo failed: Name or service not known) in /var/www/html/system/library/mail.php on line 170
2015-07-07 21:52:30 - PHP Notice:  Error: php_network_getaddresses: getaddrinfo failed: Name or service not known (0) in /var/www/html/system/library/mail.php on line 173
2015-07-07 21:57:18 - PHP Warning:  fsockopen(): php_network_getaddresses: getaddrinfo failed: Name or service not known in /var/www/html/system/library/mail.php on line 170
2015-07-07 21:57:18 - PHP Warning:  fsockopen(): unable to connect to :465 (php_network_getaddresses: getaddrinfo failed: Name or service not known) in /var/www/html/system/library/mail.php on line 170
2015-07-07 21:57:18 - PHP Notice:  Error: php_network_getaddresses: getaddrinfo failed: Name or service not known (0) in /var/www/html/system/library/mail.php on line 173
2015-07-08 1:35:51 - PHP Warning:  fsockopen(): php_network_getaddresses: getaddrinfo failed: Name or service not known in /var/www/html/system/library/mail.php on line 170
2015-07-08 1:35:51 - PHP Warning:  fsockopen(): unable to connect to :465 (php_network_getaddresses: getaddrinfo failed: Name or service not known) in /var/www/html/system/library/mail.php on line 170
2015-07-08 1:35:51 - PHP Notice:  Error: php_network_getaddresses: getaddrinfo failed: Name or service not known (0) in /var/www/html/system/library/mail.php on line 173
2015-07-08 1:35:57 - PHP Warning:  fsockopen(): php_network_getaddresses: getaddrinfo failed: Name or service not known in /var/www/html/system/library/mail.php on line 170
2015-07-08 1:35:57 - PHP Warning:  fsockopen(): unable to connect to :465 (php_network_getaddresses: getaddrinfo failed: Name or service not known) in /var/www/html/system/library/mail.php on line 170
2015-07-08 1:35:57 - PHP Notice:  Error: php_network_getaddresses: getaddrinfo failed: Name or service not known (0) in /var/www/html/system/library/mail.php on line 173
2015-07-08 1:36:41 - PHP Warning:  fsockopen(): php_network_getaddresses: getaddrinfo failed: Name or service not known in /var/www/html/system/library/mail.php on line 170
2015-07-08 1:36:41 - PHP Warning:  fsockopen(): unable to connect to :465 (php_network_getaddresses: getaddrinfo failed: Name or service not known) in /var/www/html/system/library/mail.php on line 170
2015-07-08 1:36:41 - PHP Notice:  Error: php_network_getaddresses: getaddrinfo failed: Name or service not known (0) in /var/www/html/system/library/mail.php on line 173
2015-07-08 2:22:39 - PHP Warning:  fsockopen(): php_network_getaddresses: getaddrinfo failed: Name or service not known in /var/www/html/system/library/mail.php on line 170
2015-07-08 2:22:39 - PHP Warning:  fsockopen(): unable to connect to :465 (php_network_getaddresses: getaddrinfo failed: Name or service not known) in /var/www/html/system/library/mail.php on line 170
2015-07-08 2:22:39 - PHP Notice:  Error: php_network_getaddresses: getaddrinfo failed: Name or service not known (0) in /var/www/html/system/library/mail.php on line 173
2015-07-08 2:22:52 - PHP Warning:  fsockopen(): php_network_getaddresses: getaddrinfo failed: Name or service not known in /var/www/html/system/library/mail.php on line 170
2015-07-08 2:22:52 - PHP Warning:  fsockopen(): unable to connect to :465 (php_network_getaddresses: getaddrinfo failed: Name or service not known) in /var/www/html/system/library/mail.php on line 170
2015-07-08 2:22:52 - PHP Notice:  Error: php_network_getaddresses: getaddrinfo failed: Name or service not known (0) in /var/www/html/system/library/mail.php on line 173
2015-07-08 2:23:04 - PHP Warning:  fsockopen(): php_network_getaddresses: getaddrinfo failed: Name or service not known in /var/www/html/system/library/mail.php on line 170
2015-07-08 2:23:04 - PHP Warning:  fsockopen(): unable to connect to :465 (php_network_getaddresses: getaddrinfo failed: Name or service not known) in /var/www/html/system/library/mail.php on line 170
2015-07-08 2:23:04 - PHP Notice:  Error: php_network_getaddresses: getaddrinfo failed: Name or service not known (0) in /var/www/html/system/library/mail.php on line 173
2015-07-08 2:28:55 - PHP Warning:  fsockopen(): php_network_getaddresses: getaddrinfo failed: Name or service not known in /var/www/html/system/library/mail.php on line 170
2015-07-08 2:28:55 - PHP Warning:  fsockopen(): unable to connect to :465 (php_network_getaddresses: getaddrinfo failed: Name or service not known) in /var/www/html/system/library/mail.php on line 170
2015-07-08 2:28:55 - PHP Notice:  Error: php_network_getaddresses: getaddrinfo failed: Name or service not known (0) in /var/www/html/system/library/mail.php on line 173
2015-07-08 3:19:40 - PHP Warning:  fsockopen(): php_network_getaddresses: getaddrinfo failed: Name or service not known in /var/www/html/system/library/mail.php on line 170
2015-07-08 3:19:40 - PHP Warning:  fsockopen(): unable to connect to :465 (php_network_getaddresses: getaddrinfo failed: Name or service not known) in /var/www/html/system/library/mail.php on line 170
2015-07-08 3:19:40 - PHP Notice:  Error: php_network_getaddresses: getaddrinfo failed: Name or service not known (0) in /var/www/html/system/library/mail.php on line 173
2015-07-08 4:01:14 - PHP Notice:  Undefined index: fax in /var/www/html/catalog/model/account/customer.php on line 16
2015-07-08 4:01:14 - PHP Notice:  Undefined index: company in /var/www/html/catalog/model/account/customer.php on line 20
2015-07-08 5:13:42 - PHP Warning:  fsockopen(): php_network_getaddresses: getaddrinfo failed: Name or service not known in /var/www/html/system/library/mail.php on line 170
2015-07-08 5:13:42 - PHP Warning:  fsockopen(): unable to connect to :465 (php_network_getaddresses: getaddrinfo failed: Name or service not known) in /var/www/html/system/library/mail.php on line 170
2015-07-08 5:13:42 - PHP Notice:  Error: php_network_getaddresses: getaddrinfo failed: Name or service not known (0) in /var/www/html/system/library/mail.php on line 173
2015-07-08 5:16:59 - PHP Warning:  fsockopen(): php_network_getaddresses: getaddrinfo failed: Name or service not known in /var/www/html/system/library/mail.php on line 170
2015-07-08 5:16:59 - PHP Warning:  fsockopen(): unable to connect to :465 (php_network_getaddresses: getaddrinfo failed: Name or service not known) in /var/www/html/system/library/mail.php on line 170
2015-07-08 5:16:59 - PHP Notice:  Error: php_network_getaddresses: getaddrinfo failed: Name or service not known (0) in /var/www/html/system/library/mail.php on line 173
2015-07-08 5:21:34 - PHP Warning:  fsockopen(): php_network_getaddresses: getaddrinfo failed: Name or service not known in /var/www/html/system/library/mail.php on line 170
2015-07-08 5:21:34 - PHP Warning:  fsockopen(): unable to connect to :465 (php_network_getaddresses: getaddrinfo failed: Name or service not known) in /var/www/html/system/library/mail.php on line 170
2015-07-08 5:21:34 - PHP Notice:  Error: php_network_getaddresses: getaddrinfo failed: Name or service not known (0) in /var/www/html/system/library/mail.php on line 173
2015-07-08 20:48:51 - PHP Notice:  Undefined index: fax in /var/www/html/catalog/model/account/customer.php on line 16
2015-07-08 20:48:51 - PHP Notice:  Undefined index: company in /var/www/html/catalog/model/account/customer.php on line 20
2015-07-08 21:19:45 - PHP Warning:  htmlspecialchars(): Invalid multibyte sequence in argument in /var/www/html/system/library/request.php on line 26
2015-07-08 21:19:45 - PHP Warning:  htmlspecialchars(): Invalid multibyte sequence in argument in /var/www/html/system/library/request.php on line 26
2015-07-08 21:19:45 - PHP Warning:  htmlspecialchars(): Invalid multibyte sequence in argument in /var/www/html/system/library/request.php on line 26
2015-07-08 21:19:45 - PHP Warning:  htmlspecialchars(): Invalid multibyte sequence in argument in /var/www/html/system/library/request.php on line 26
2015-07-08 21:19:48 - PHP Warning:  htmlspecialchars(): Invalid multibyte sequence in argument in /var/www/html/system/library/request.php on line 26
2015-07-08 21:19:48 - PHP Warning:  htmlspecialchars(): Invalid multibyte sequence in argument in /var/www/html/system/library/request.php on line 26
2015-07-08 21:19:48 - PHP Warning:  htmlspecialchars(): Invalid multibyte sequence in argument in /var/www/html/system/library/request.php on line 26
2015-07-08 21:19:48 - PHP Warning:  htmlspecialchars(): Invalid multibyte sequence in argument in /var/www/html/system/library/request.php on line 26
2015-07-08 21:19:54 - PHP Warning:  htmlspecialchars(): Invalid multibyte sequence in argument in /var/www/html/system/library/request.php on line 26
2015-07-08 21:19:54 - PHP Warning:  htmlspecialchars(): Invalid multibyte sequence in argument in /var/www/html/system/library/request.php on line 26
2015-07-08 21:19:54 - PHP Warning:  htmlspecialchars(): Invalid multibyte sequence in argument in /var/www/html/system/library/request.php on line 26
2015-07-08 21:19:54 - PHP Warning:  htmlspecialchars(): Invalid multibyte sequence in argument in /var/www/html/system/library/request.php on line 26
2015-07-08 21:19:57 - PHP Warning:  htmlspecialchars(): Invalid multibyte sequence in argument in /var/www/html/system/library/request.php on line 26
2015-07-08 21:19:57 - PHP Warning:  htmlspecialchars(): Invalid multibyte sequence in argument in /var/www/html/system/library/request.php on line 26
2015-07-08 21:19:57 - PHP Warning:  htmlspecialchars(): Invalid multibyte sequence in argument in /var/www/html/system/library/request.php on line 26
2015-07-08 21:19:57 - PHP Warning:  htmlspecialchars(): Invalid multibyte sequence in argument in /var/www/html/system/library/request.php on line 26
2015-07-08 21:20:18 - PHP Warning:  htmlspecialchars(): Invalid multibyte sequence in argument in /var/www/html/system/library/request.php on line 26
2015-07-08 21:20:18 - PHP Warning:  htmlspecialchars(): Invalid multibyte sequence in argument in /var/www/html/system/library/request.php on line 26
2015-07-08 21:20:18 - PHP Warning:  htmlspecialchars(): Invalid multibyte sequence in argument in /var/www/html/system/library/request.php on line 26
2015-07-08 21:20:18 - PHP Warning:  htmlspecialchars(): Invalid multibyte sequence in argument in /var/www/html/system/library/request.php on line 26
2015-07-09 0:03:40 - PHP Warning:  move_uploaded_file(/var/www/html/image/catalog/yabo/T2ErQ6XmpaXXXXXXXX_!!738598104.jpg): failed to open stream: Permission denied in /var/www/html/admin/controller/common/filemanager.php on line 275
2015-07-09 0:03:40 - PHP Warning:  move_uploaded_file(): Unable to move '/tmp/phpXSzNrz' to '/var/www/html/image/catalog/yabo/T2ErQ6XmpaXXXXXXXX_!!738598104.jpg' in /var/www/html/admin/controller/common/filemanager.php on line 275
2015-07-09 0:04:43 - PHP Warning:  move_uploaded_file(/var/www/html/image/catalog/yabo/layu.jpg): failed to open stream: Permission denied in /var/www/html/admin/controller/common/filemanager.php on line 275
2015-07-09 0:04:43 - PHP Warning:  move_uploaded_file(): Unable to move '/tmp/phpK0Z4Se' to '/var/www/html/image/catalog/yabo/layu.jpg' in /var/www/html/admin/controller/common/filemanager.php on line 275
2015-07-09 0:07:29 - PHP Warning:  move_uploaded_file(/var/www/html/image/catalog/yabo/layu2.jpg): failed to open stream: Permission denied in /var/www/html/admin/controller/common/filemanager.php on line 275
2015-07-09 0:07:29 - PHP Warning:  move_uploaded_file(): Unable to move '/tmp/php8Px0CB' to '/var/www/html/image/catalog/yabo/layu2.jpg' in /var/www/html/admin/controller/common/filemanager.php on line 275
2015-07-09 0:10:04 - PHP Warning:  move_uploaded_file(/var/www/html/image/catalog/demo/layu.jpg): failed to open stream: Permission denied in /var/www/html/admin/controller/common/filemanager.php on line 275
2015-07-09 0:10:04 - PHP Warning:  move_uploaded_file(): Unable to move '/tmp/phppaiesP' to '/var/www/html/image/catalog/demo/layu.jpg' in /var/www/html/admin/controller/common/filemanager.php on line 275
2015-07-09 1:10:19 - PHP Notice:  Undefined index: fax in /var/www/html/catalog/model/account/customer.php on line 16
2015-07-09 1:10:19 - PHP Notice:  Undefined index: company in /var/www/html/catalog/model/account/customer.php on line 20
2015-07-09 1:35:10 - PHP Warning:  move_uploaded_file(/var/www/html/image/catalog/yabo/layu.jpg): failed to open stream: Permission denied in /var/www/html/admin/controller/common/filemanager.php on line 275
2015-07-09 1:35:10 - PHP Warning:  move_uploaded_file(): Unable to move '/tmp/php9iOSuy' to '/var/www/html/image/catalog/yabo/layu.jpg' in /var/www/html/admin/controller/common/filemanager.php on line 275
2015-07-09 1:35:30 - PHP Warning:  move_uploaded_file(/var/www/html/image/catalog/layu.jpg): failed to open stream: Permission denied in /var/www/html/admin/controller/common/filemanager.php on line 275
2015-07-09 1:35:30 - PHP Warning:  move_uploaded_file(): Unable to move '/tmp/phpW4SBNp' to '/var/www/html/image/catalog/layu.jpg' in /var/www/html/admin/controller/common/filemanager.php on line 275
2015-07-09 1:49:07 - PHP Warning:  move_uploaded_file(/var/www/html/image/catalog/yabo/labeef.jpg): failed to open stream: Permission denied in /var/www/html/admin/controller/common/filemanager.php on line 275
2015-07-09 1:49:07 - PHP Warning:  move_uploaded_file(): Unable to move '/tmp/phpwCWnMS' to '/var/www/html/image/catalog/yabo/labeef.jpg' in /var/www/html/admin/controller/common/filemanager.php on line 275
2015-07-09 4:13:49 - PHP Notice:  Undefined index: fax in /var/www/html/catalog/model/account/customer.php on line 16
2015-07-09 4:13:49 - PHP Notice:  Undefined index: company in /var/www/html/catalog/model/account/customer.php on line 20
2015-07-09 4:40:56 - PHP Notice:  Undefined index: fax in /var/www/html/catalog/model/account/customer.php on line 16
2015-07-09 4:40:56 - PHP Notice:  Undefined index: company in /var/www/html/catalog/model/account/customer.php on line 20
2015-07-10 3:03:29 - PHP Warning:  htmlspecialchars(): Invalid multibyte sequence in argument in /var/www/html/system/library/request.php on line 26
2015-07-10 3:03:29 - PHP Warning:  htmlspecialchars(): Invalid multibyte sequence in argument in /var/www/html/system/library/request.php on line 26
2015-07-10 3:03:29 - PHP Warning:  htmlspecialchars(): Invalid multibyte sequence in argument in /var/www/html/system/library/request.php on line 26
2015-07-10 3:03:29 - PHP Warning:  htmlspecialchars(): Invalid multibyte sequence in argument in /var/www/html/system/library/request.php on line 26
2015-07-10 3:47:16 - PHP Notice:  Undefined index: fax in /var/www/html/catalog/model/account/customer.php on line 16
2015-07-10 3:47:16 - PHP Notice:  Undefined index: company in /var/www/html/catalog/model/account/customer.php on line 20
2015-07-13 6:24:14 - PHP Warning:  htmlspecialchars(): Invalid multibyte sequence in argument in /var/www/html/system/library/request.php on line 26
2015-07-13 6:24:14 - PHP Warning:  htmlspecialchars(): Invalid multibyte sequence in argument in /var/www/html/system/library/request.php on line 26
2015-07-13 6:24:14 - PHP Warning:  htmlspecialchars(): Invalid multibyte sequence in argument in /var/www/html/system/library/request.php on line 26
2015-07-13 6:24:14 - PHP Warning:  htmlspecialchars(): Invalid multibyte sequence in argument in /var/www/html/system/library/request.php on line 26
2015-07-13 6:24:19 - PHP Warning:  htmlspecialchars(): Invalid multibyte sequence in argument in /var/www/html/system/library/request.php on line 26
2015-07-13 6:24:19 - PHP Warning:  htmlspecialchars(): Invalid multibyte sequence in argument in /var/www/html/system/library/request.php on line 26
2015-07-13 6:24:19 - PHP Warning:  htmlspecialchars(): Invalid multibyte sequence in argument in /var/www/html/system/library/request.php on line 26
2015-07-13 6:24:19 - PHP Warning:  htmlspecialchars(): Invalid multibyte sequence in argument in /var/www/html/system/library/request.php on line 26
2015-07-15 18:21:02 - PHP Notice:  Undefined index: fax in /var/www/html/catalog/model/account/customer.php on line 16
2015-07-15 18:21:02 - PHP Notice:  Undefined index: company in /var/www/html/catalog/model/account/customer.php on line 20
2015-07-15 20:50:45 - PHP Notice:  Undefined index: fax in /var/www/html/catalog/model/account/customer.php on line 16
2015-07-15 20:50:45 - PHP Notice:  Undefined index: company in /var/www/html/catalog/model/account/customer.php on line 20
2015-07-16 6:10:08 - PHP Notice:  Undefined offset: 5 in /var/www/html/catalog/view/theme/golebar_theme/template/module/recommended.tpl on line 88
2015-07-16 6:10:08 - PHP Notice:  Undefined offset: 5 in /var/www/html/catalog/view/theme/golebar_theme/template/module/recommended.tpl on line 91
2015-07-16 6:10:08 - PHP Notice:  Undefined offset: 5 in /var/www/html/catalog/view/theme/golebar_theme/template/module/recommended.tpl on line 96
2015-07-16 6:10:08 - PHP Notice:  Undefined offset: 5 in /var/www/html/catalog/view/theme/golebar_theme/template/module/recommended.tpl on line 97
2015-07-16 6:10:08 - PHP Notice:  Undefined offset: 5 in /var/www/html/catalog/view/theme/golebar_theme/template/module/recommended.tpl on line 97
2015-07-16 6:10:08 - PHP Notice:  Undefined offset: 5 in /var/www/html/catalog/view/theme/golebar_theme/template/module/recommended.tpl on line 97
2015-07-16 6:10:08 - PHP Notice:  Undefined offset: 6 in /var/www/html/catalog/view/theme/golebar_theme/template/module/recommended.tpl on line 106
2015-07-16 6:10:08 - PHP Notice:  Undefined offset: 6 in /var/www/html/catalog/view/theme/golebar_theme/template/module/recommended.tpl on line 107
2015-07-16 6:10:08 - PHP Notice:  Undefined offset: 6 in /var/www/html/catalog/view/theme/golebar_theme/template/module/recommended.tpl on line 107
2015-07-16 6:10:08 - PHP Notice:  Undefined offset: 6 in /var/www/html/catalog/view/theme/golebar_theme/template/module/recommended.tpl on line 107
2015-07-16 6:10:08 - PHP Notice:  Undefined offset: 6 in /var/www/html/catalog/view/theme/golebar_theme/template/module/recommended.tpl on line 110
2015-07-16 6:10:08 - PHP Notice:  Undefined offset: 6 in /var/www/html/catalog/view/theme/golebar_theme/template/module/recommended.tpl on line 110
2015-07-16 6:10:08 - PHP Notice:  Undefined offset: 7 in /var/www/html/catalog/view/theme/golebar_theme/template/module/recommended.tpl on line 116
2015-07-16 6:10:08 - PHP Notice:  Undefined offset: 7 in /var/www/html/catalog/view/theme/golebar_theme/template/module/recommended.tpl on line 117
2015-07-16 6:10:08 - PHP Notice:  Undefined offset: 7 in /var/www/html/catalog/view/theme/golebar_theme/template/module/recommended.tpl on line 117
2015-07-16 6:10:08 - PHP Notice:  Undefined offset: 7 in /var/www/html/catalog/view/theme/golebar_theme/template/module/recommended.tpl on line 117
2015-07-16 6:10:08 - PHP Notice:  Undefined offset: 7 in /var/www/html/catalog/view/theme/golebar_theme/template/module/recommended.tpl on line 120
2015-07-16 6:10:08 - PHP Notice:  Undefined offset: 7 in /var/www/html/catalog/view/theme/golebar_theme/template/module/recommended.tpl on line 120
2015-07-20 17:12:43 - PHP Notice:  Undefined index: fax in /var/www/html/catalog/model/account/customer.php on line 16
2015-07-20 17:12:43 - PHP Notice:  Undefined index: company in /var/www/html/catalog/model/account/customer.php on line 20
2015-07-21 0:50:57 - PHP Warning:  htmlspecialchars(): Invalid multibyte sequence in argument in /var/www/html/system/library/request.php on line 26
2015-07-21 0:50:57 - PHP Warning:  htmlspecialchars(): Invalid multibyte sequence in argument in /var/www/html/system/library/request.php on line 26
2015-07-21 1:14:57 - PHP Notice:  Undefined index: fax in /var/www/html/catalog/model/account/customer.php on line 16
2015-07-21 1:14:57 - PHP Notice:  Undefined index: company in /var/www/html/catalog/model/account/customer.php on line 20
2015-07-21 20:53:50 - PHP Notice:  Undefined index: fax in /var/www/html/catalog/model/account/customer.php on line 16
2015-07-21 20:53:50 - PHP Notice:  Undefined index: company in /var/www/html/catalog/model/account/customer.php on line 20
2015-07-22 15:54:05 - PHP Warning:  htmlspecialchars(): Invalid multibyte sequence in argument in /var/www/html/system/library/request.php on line 26
2015-07-23 2:06:46 - PHP Notice:  Undefined index: fax in /var/www/html/catalog/model/account/customer.php on line 16
2015-07-23 2:06:46 - PHP Notice:  Undefined index: company in /var/www/html/catalog/model/account/customer.php on line 20
2015-07-23 6:24:20 - PHP Notice:  Undefined index: fax in /var/www/html/catalog/model/account/customer.php on line 106
2015-07-23 10:14:19 - PHP Warning:  htmlspecialchars(): Invalid multibyte sequence in argument in /var/www/html/system/library/request.php on line 26
2015-07-24 0:55:01 - PHP Notice:  Undefined index: fax in /var/www/html/catalog/model/account/customer.php on line 106
2015-07-24 1:16:17 - PHP Notice:  Undefined index: fax in /var/www/html/catalog/model/account/customer.php on line 16
2015-07-24 1:16:17 - PHP Notice:  Undefined index: company in /var/www/html/catalog/model/account/customer.php on line 20
2015-07-24 14:43:17 - PHP Warning:  unlink(/var/www/html/system/cache/cache.language.1437748746): No such file or directory in /var/www/html/system/library/cache/file.php on line 17
2015-07-25 7:21:02 - PHP Notice:  Undefined index: HTTP_REFERER in /var/www/html/catalog/view/theme/golebar_theme/template/common/header.tpl on line 54
2015-07-25 7:22:22 - PHP Notice:  Undefined index: HTTP_REFERER in /var/www/html/catalog/view/theme/golebar_theme/template/common/header.tpl on line 54
2015-07-25 15:04:54 - PHP Notice:  Undefined index: track in /var/www/html/index.php on line 212
2015-07-25 15:19:35 - PHP Notice:  Undefined index: trackid in /var/www/html/index.php on line 212
2015-07-25 15:19:59 - PHP Notice:  Undefined index: trackid in /var/www/html/index.php on line 212
2015-07-25 15:20:11 - PHP Notice:  Undefined index: trackid in /var/www/html/index.php on line 212
2015-07-25 15:39:45 - PHP Notice:  Error: Password not accepted from server! in /var/www/html/system/library/mail.php on line 289
2015-07-26 6:38:07 - PHP Notice:  Undefined index: fax in /var/www/html/catalog/model/account/customer.php on line 16
2015-07-26 6:38:07 - PHP Notice:  Undefined index: company in /var/www/html/catalog/model/account/customer.php on line 20
2015-07-26 10:55:36 - PHP Notice:  Error: Could not load model /var/www/html/catalog/model/checkout/cart.php! in /var/www/html/system/engine/loader.php on line 24
2015-07-26 11:32:10 - PHP Notice:  Undefined index: manufacturer in /var/www/html/catalog/controller/checkout/success.php on line 15
2015-07-26 11:32:10 - PHP Notice:  Undefined index: manufacturer in /var/www/html/catalog/controller/checkout/success.php on line 15
2015-07-26 11:38:18 - PHP Notice:  Undefined index: manufacturer in /var/www/html/system/library/cart.php on line 267
2015-07-26 11:38:20 - PHP Notice:  Undefined index: manufacturer in /var/www/html/system/library/cart.php on line 267
2015-07-26 12:27:05 - PHP Notice:  Undefined index: order_id in /var/www/html/catalog/controller/checkout/success.php on line 10
2015-07-26 12:27:38 - PHP Notice:  Undefined index: order_id in /var/www/html/catalog/controller/checkout/success.php on line 10
2015-07-26 12:27:47 - PHP Notice:  Undefined index: order_id in /var/www/html/catalog/controller/checkout/success.php on line 10
2015-07-26 12:28:25 - PHP Notice:  Undefined index: order_id in /var/www/html/catalog/controller/checkout/success.php on line 10
2015-07-26 12:30:32 - PHP Notice:  Undefined index: order_id in /var/www/html/catalog/controller/checkout/success.php on line 9
2015-07-26 12:30:32 - PHP Notice:  Indirect modification of overloaded property ControllerCheckoutSuccess::$data has no effect in /var/www/html/catalog/controller/checkout/success.php on line 9
2015-07-26 12:31:12 - PHP Notice:  Undefined index: order_id in /var/www/html/catalog/controller/checkout/success.php on line 9
2015-07-26 12:31:33 - PHP Notice:  Undefined index: order_id in /var/www/html/catalog/controller/checkout/success.php on line 9
2015-07-26 12:32:57 - PHP Notice:  Undefined variable: data in /var/www/html/catalog/controller/checkout/success.php on line 13
2015-07-26 12:33:26 - PHP Notice:  Undefined index: order_id in /var/www/html/catalog/controller/checkout/success.php on line 11
2015-07-27 2:17:18 - PHP Notice:  Undefined index: fax in /var/www/html/catalog/model/account/customer.php on line 16
2015-07-27 2:17:18 - PHP Notice:  Undefined index: company in /var/www/html/catalog/model/account/customer.php on line 20
2015-07-27 2:29:40 - PHP Notice:  Undefined index: fax in /var/www/html/catalog/model/account/customer.php on line 16
2015-07-27 2:29:40 - PHP Notice:  Undefined index: company in /var/www/html/catalog/model/account/customer.php on line 20
2015-07-27 3:37:23 - PHP Notice:  Undefined index: fax in /var/www/html/catalog/model/account/customer.php on line 16
2015-07-27 3:37:23 - PHP Notice:  Undefined index: company in /var/www/html/catalog/model/account/customer.php on line 20
2015-07-27 5:16:32 - PHP Notice:  Undefined index: payment_method in /var/www/html/catalog/controller/payment/cod.php on line 17
2015-07-27 16:57:47 - PHP Notice:  Undefined index: fax in /var/www/html/catalog/model/account/customer.php on line 16
2015-07-27 16:57:47 - PHP Notice:  Undefined index: company in /var/www/html/catalog/model/account/customer.php on line 20
2015-07-27 17:43:47 - PHP Notice:  Undefined index: fax in /var/www/html/catalog/model/account/customer.php on line 16
2015-07-27 17:43:47 - PHP Notice:  Undefined index: company in /var/www/html/catalog/model/account/customer.php on line 20
2015-07-28 0:25:25 - PHP Notice:  Undefined index: fax in /var/www/html/catalog/model/account/customer.php on line 16
2015-07-28 0:25:25 - PHP Notice:  Undefined index: company in /var/www/html/catalog/model/account/customer.php on line 20
2015-07-28 22:09:56 - PHP Notice:  Undefined index: fax in /var/www/html/catalog/model/account/customer.php on line 16
2015-07-28 22:09:56 - PHP Notice:  Undefined index: company in /var/www/html/catalog/model/account/customer.php on line 20
2015-07-30 1:50:30 - PHP Notice:  Undefined index: fax in /var/www/html/catalog/model/account/customer.php on line 16
2015-07-30 1:50:30 - PHP Notice:  Undefined index: company in /var/www/html/catalog/model/account/customer.php on line 20
2015-07-31 14:17:54 - PHP Notice:  Undefined index: fax in /var/www/html/catalog/model/account/customer.php on line 16
2015-07-31 14:17:54 - PHP Notice:  Undefined index: company in /var/www/html/catalog/model/account/customer.php on line 20
2015-07-31 14:29:44 - PHP Notice:  Undefined index: fax in /var/www/html/catalog/model/account/customer.php on line 16
2015-07-31 14:29:44 - PHP Notice:  Undefined index: company in /var/www/html/catalog/model/account/customer.php on line 20
2015-07-31 14:44:37 - PHP Warning:  htmlspecialchars(): Invalid multibyte sequence in argument in /var/www/html/system/library/request.php on line 26
2015-07-31 14:44:37 - PHP Warning:  htmlspecialchars(): Invalid multibyte sequence in argument in /var/www/html/system/library/request.php on line 26
2015-07-31 14:44:37 - PHP Warning:  htmlspecialchars(): Invalid multibyte sequence in argument in /var/www/html/system/library/request.php on line 26
2015-07-31 14:44:37 - PHP Warning:  htmlspecialchars(): Invalid multibyte sequence in argument in /var/www/html/system/library/request.php on line 26
2015-07-31 15:18:44 - PHP Notice:  Undefined index: fax in /var/www/html/catalog/model/account/customer.php on line 16
2015-07-31 15:18:44 - PHP Notice:  Undefined index: company in /var/www/html/catalog/model/account/customer.php on line 20
2015-07-31 15:21:45 - PHP Notice:  Undefined index: fax in /var/www/html/catalog/model/account/customer.php on line 16
2015-07-31 15:21:45 - PHP Notice:  Undefined index: company in /var/www/html/catalog/model/account/customer.php on line 20
2015-07-31 15:50:34 - PHP Notice:  Undefined index: fax in /var/www/html/catalog/model/account/customer.php on line 16
2015-07-31 15:50:34 - PHP Notice:  Undefined index: company in /var/www/html/catalog/model/account/customer.php on line 20
2015-07-31 16:39:14 - PHP Notice:  Undefined index: fax in /var/www/html/catalog/model/account/customer.php on line 16
2015-07-31 16:39:14 - PHP Notice:  Undefined index: company in /var/www/html/catalog/model/account/customer.php on line 20
2015-07-31 16:40:39 - PHP Warning:  htmlspecialchars(): Invalid multibyte sequence in argument in /var/www/html/system/library/request.php on line 26
2015-07-31 16:40:39 - PHP Warning:  htmlspecialchars(): Invalid multibyte sequence in argument in /var/www/html/system/library/request.php on line 26
2015-07-31 17:07:01 - PHP Notice:  Undefined index: fax in /var/www/html/catalog/model/account/customer.php on line 16
2015-07-31 17:07:01 - PHP Notice:  Undefined index: company in /var/www/html/catalog/model/account/customer.php on line 20
2015-07-31 17:22:49 - PHP Notice:  Undefined index: fax in /var/www/html/catalog/model/account/customer.php on line 16
2015-07-31 17:22:49 - PHP Notice:  Undefined index: company in /var/www/html/catalog/model/account/customer.php on line 20
2015-07-31 18:35:48 - PHP Warning:  htmlspecialchars(): Invalid multibyte sequence in argument in /var/www/html/system/library/request.php on line 26
2015-07-31 18:35:48 - PHP Warning:  htmlspecialchars(): Invalid multibyte sequence in argument in /var/www/html/system/library/request.php on line 26
2015-07-31 18:52:36 - PHP Notice:  Undefined index: fax in /var/www/html/catalog/model/account/customer.php on line 16
2015-07-31 18:52:36 - PHP Notice:  Undefined index: company in /var/www/html/catalog/model/account/customer.php on line 20
2015-07-31 18:57:00 - PHP Notice:  Undefined index: fax in /var/www/html/catalog/model/account/customer.php on line 106
2015-07-31 18:57:42 - PHP Notice:  Undefined index: fax in /var/www/html/catalog/model/account/customer.php on line 106
2015-07-31 19:12:53 - PHP Notice:  Undefined index: fax in /var/www/html/catalog/model/account/customer.php on line 16
2015-07-31 19:12:53 - PHP Notice:  Undefined index: company in /var/www/html/catalog/model/account/customer.php on line 20
2015-07-31 22:00:41 - PHP Notice:  Undefined index: fax in /var/www/html/catalog/model/account/customer.php on line 16
2015-07-31 22:00:41 - PHP Notice:  Undefined index: company in /var/www/html/catalog/model/account/customer.php on line 20
2015-07-31 22:28:34 - PHP Notice:  Undefined index: fax in /var/www/html/catalog/model/account/customer.php on line 16
2015-07-31 22:28:34 - PHP Notice:  Undefined index: company in /var/www/html/catalog/model/account/customer.php on line 20
2015-07-31 23:37:05 - PHP Notice:  Undefined index: fax in /var/www/html/catalog/model/account/customer.php on line 16
2015-07-31 23:37:05 - PHP Notice:  Undefined index: company in /var/www/html/catalog/model/account/customer.php on line 20
2015-08-01 2:47:20 - PHP Notice:  Undefined index: fax in /var/www/html/catalog/model/account/customer.php on line 16
2015-08-01 2:47:20 - PHP Notice:  Undefined index: company in /var/www/html/catalog/model/account/customer.php on line 20
2015-08-01 3:05:01 - PHP Notice:  Undefined index: fax in /var/www/html/catalog/model/account/customer.php on line 16
2015-08-01 3:05:01 - PHP Notice:  Undefined index: company in /var/www/html/catalog/model/account/customer.php on line 20
2015-08-01 3:06:54 - PHP Notice:  Undefined index: paypal in /var/www/html/catalog/controller/payment/pp_express.php on line 1354
2015-08-01 3:06:54 - PHP Notice:  Undefined index: PAYERID in /var/www/html/catalog/controller/payment/pp_express.php on line 1359
2015-08-01 3:06:54 - PHP Notice:  Undefined index: order_id in /var/www/html/catalog/controller/payment/pp_express.php on line 1362
2015-08-01 3:06:54 - PHP Notice:  Undefined index: token in /var/www/html/catalog/controller/payment/pp_express.php on line 1365
2015-08-01 3:06:54 - PHP Notice:  Undefined variable: header in /var/www/html/catalog/view/theme/default/template/error/not_found.tpl on line 1
2015-08-01 3:06:54 - PHP Notice:  Undefined variable: breadcrumbs in /var/www/html/catalog/view/theme/default/template/error/not_found.tpl on line 4
2015-08-01 3:06:54 - PHP Warning:  Invalid argument supplied for foreach() in /var/www/html/catalog/view/theme/default/template/error/not_found.tpl on line 4
2015-08-01 3:06:54 - PHP Notice:  Undefined variable: column_left in /var/www/html/catalog/view/theme/default/template/error/not_found.tpl on line 8
2015-08-01 3:06:54 - PHP Notice:  Undefined variable: column_left in /var/www/html/catalog/view/theme/default/template/error/not_found.tpl on line 9
2015-08-01 3:06:54 - PHP Notice:  Undefined variable: column_left in /var/www/html/catalog/view/theme/default/template/error/not_found.tpl on line 11
2015-08-01 3:06:54 - PHP Notice:  Undefined variable: column_right in /var/www/html/catalog/view/theme/default/template/error/not_found.tpl on line 11
2015-08-01 3:06:54 - PHP Notice:  Undefined variable: content_top in /var/www/html/catalog/view/theme/default/template/error/not_found.tpl on line 16
2015-08-01 3:06:54 - PHP Notice:  Undefined variable: heading_title in /var/www/html/catalog/view/theme/default/template/error/not_found.tpl on line 17
2015-08-01 3:06:54 - PHP Notice:  Undefined variable: text_error in /var/www/html/catalog/view/theme/default/template/error/not_found.tpl on line 18
2015-08-01 3:06:54 - PHP Notice:  Undefined variable: continue in /var/www/html/catalog/view/theme/default/template/error/not_found.tpl on line 20
2015-08-01 3:06:54 - PHP Notice:  Undefined variable: button_continue in /var/www/html/catalog/view/theme/default/template/error/not_found.tpl on line 20
2015-08-01 3:06:54 - PHP Notice:  Undefined variable: content_bottom in /var/www/html/catalog/view/theme/default/template/error/not_found.tpl on line 22
2015-08-01 3:06:54 - PHP Notice:  Undefined variable: column_right in /var/www/html/catalog/view/theme/default/template/error/not_found.tpl on line 23
2015-08-01 3:06:54 - PHP Notice:  Undefined variable: footer in /var/www/html/catalog/view/theme/default/template/error/not_found.tpl on line 25
2015-08-01 3:12:04 - PHP Notice:  Undefined index: fax in /var/www/html/catalog/model/account/customer.php on line 106
2015-08-01 4:06:50 - PHP Notice:  Undefined index: fax in /var/www/html/catalog/model/account/customer.php on line 16
2015-08-01 4:06:50 - PHP Notice:  Undefined index: company in /var/www/html/catalog/model/account/customer.php on line 20
2015-08-01 4:21:06 - PHP Warning:  htmlspecialchars(): Invalid multibyte sequence in argument in /var/www/html/system/library/request.php on line 26
2015-08-01 4:21:06 - PHP Warning:  htmlspecialchars(): Invalid multibyte sequence in argument in /var/www/html/system/library/request.php on line 26
2015-08-01 4:21:06 - PHP Warning:  htmlspecialchars(): Invalid multibyte sequence in argument in /var/www/html/system/library/request.php on line 26
2015-08-01 4:21:06 - PHP Warning:  htmlspecialchars(): Invalid multibyte sequence in argument in /var/www/html/system/library/request.php on line 26
2015-08-01 4:43:24 - PHP Warning:  htmlspecialchars(): Invalid multibyte sequence in argument in /var/www/html/system/library/request.php on line 26
2015-08-01 4:43:24 - PHP Warning:  htmlspecialchars(): Invalid multibyte sequence in argument in /var/www/html/system/library/request.php on line 26
2015-08-01 4:43:24 - PHP Warning:  htmlspecialchars(): Invalid multibyte sequence in argument in /var/www/html/system/library/request.php on line 26
2015-08-01 4:43:24 - PHP Warning:  htmlspecialchars(): Invalid multibyte sequence in argument in /var/www/html/system/library/request.php on line 26
2015-08-01 4:43:28 - PHP Warning:  htmlspecialchars(): Invalid multibyte sequence in argument in /var/www/html/system/library/request.php on line 26
2015-08-01 4:43:28 - PHP Warning:  htmlspecialchars(): Invalid multibyte sequence in argument in /var/www/html/system/library/request.php on line 26
2015-08-01 4:43:28 - PHP Warning:  htmlspecialchars(): Invalid multibyte sequence in argument in /var/www/html/system/library/request.php on line 26
2015-08-01 4:43:28 - PHP Warning:  htmlspecialchars(): Invalid multibyte sequence in argument in /var/www/html/system/library/request.php on line 26
2015-08-01 4:43:58 - PHP Warning:  htmlspecialchars(): Invalid multibyte sequence in argument in /var/www/html/system/library/request.php on line 26
2015-08-01 4:43:58 - PHP Warning:  htmlspecialchars(): Invalid multibyte sequence in argument in /var/www/html/system/library/request.php on line 26
2015-08-01 4:43:58 - PHP Warning:  htmlspecialchars(): Invalid multibyte sequence in argument in /var/www/html/system/library/request.php on line 26
2015-08-01 4:43:58 - PHP Warning:  htmlspecialchars(): Invalid multibyte sequence in argument in /var/www/html/system/library/request.php on line 26
2015-08-01 4:44:44 - PHP Warning:  htmlspecialchars(): Invalid multibyte sequence in argument in /var/www/html/system/library/request.php on line 26
2015-08-01 4:44:44 - PHP Warning:  htmlspecialchars(): Invalid multibyte sequence in argument in /var/www/html/system/library/request.php on line 26
2015-08-01 4:44:44 - PHP Warning:  htmlspecialchars(): Invalid multibyte sequence in argument in /var/www/html/system/library/request.php on line 26
2015-08-01 4:44:44 - PHP Warning:  htmlspecialchars(): Invalid multibyte sequence in argument in /var/www/html/system/library/request.php on line 26
2015-08-01 4:58:57 - PHP Warning:  htmlspecialchars(): Invalid multibyte sequence in argument in /var/www/html/system/library/request.php on line 26
2015-08-01 4:58:57 - PHP Warning:  htmlspecialchars(): Invalid multibyte sequence in argument in /var/www/html/system/library/request.php on line 26
2015-08-01 4:58:57 - PHP Warning:  htmlspecialchars(): Invalid multibyte sequence in argument in /var/www/html/system/library/request.php on line 26
2015-08-01 4:58:57 - PHP Warning:  htmlspecialchars(): Invalid multibyte sequence in argument in /var/www/html/system/library/request.php on line 26
2015-08-01 6:13:57 - PHP Notice:  Undefined index: fax in /var/www/html/catalog/model/account/customer.php on line 16
2015-08-01 6:13:57 - PHP Notice:  Undefined index: company in /var/www/html/catalog/model/account/customer.php on line 20
2015-08-01 7:11:16 - PHP Notice:  Undefined index: fax in /var/www/html/catalog/model/account/customer.php on line 16
2015-08-01 7:11:16 - PHP Notice:  Undefined index: company in /var/www/html/catalog/model/account/customer.php on line 20
2015-08-01 14:46:37 - PHP Notice:  Undefined index: fax in /var/www/html/catalog/model/account/customer.php on line 16
2015-08-01 14:46:37 - PHP Notice:  Undefined index: company in /var/www/html/catalog/model/account/customer.php on line 20
2015-08-01 20:17:10 - PHP Notice:  Undefined index: fax in /var/www/html/catalog/model/account/customer.php on line 16
2015-08-01 20:17:10 - PHP Notice:  Undefined index: company in /var/www/html/catalog/model/account/customer.php on line 20
2015-08-01 22:14:05 - PHP Notice:  Undefined index: fax in /var/www/html/catalog/model/account/customer.php on line 16
2015-08-01 22:14:05 - PHP Notice:  Undefined index: company in /var/www/html/catalog/model/account/customer.php on line 20
2015-08-01 22:33:06 - PHP Notice:  Undefined index: fax in /var/www/html/catalog/model/account/customer.php on line 16
2015-08-01 22:33:06 - PHP Notice:  Undefined index: company in /var/www/html/catalog/model/account/customer.php on line 20
2015-08-02 1:02:00 - PHP Notice:  Undefined index: paypal in /var/www/html/catalog/controller/payment/pp_express.php on line 1354
2015-08-02 1:02:00 - PHP Notice:  Undefined index: PAYERID in /var/www/html/catalog/controller/payment/pp_express.php on line 1359
2015-08-02 1:02:00 - PHP Notice:  Undefined index: order_id in /var/www/html/catalog/controller/payment/pp_express.php on line 1362
2015-08-02 1:02:00 - PHP Notice:  Undefined index: token in /var/www/html/catalog/controller/payment/pp_express.php on line 1365
2015-08-02 1:02:01 - PHP Notice:  Undefined variable: header in /var/www/html/catalog/view/theme/default/template/error/not_found.tpl on line 1
2015-08-02 1:02:01 - PHP Notice:  Undefined variable: breadcrumbs in /var/www/html/catalog/view/theme/default/template/error/not_found.tpl on line 4
2015-08-02 1:02:01 - PHP Warning:  Invalid argument supplied for foreach() in /var/www/html/catalog/view/theme/default/template/error/not_found.tpl on line 4
2015-08-02 1:02:01 - PHP Notice:  Undefined variable: column_left in /var/www/html/catalog/view/theme/default/template/error/not_found.tpl on line 8
2015-08-02 1:02:01 - PHP Notice:  Undefined variable: column_left in /var/www/html/catalog/view/theme/default/template/error/not_found.tpl on line 9
2015-08-02 1:02:01 - PHP Notice:  Undefined variable: column_left in /var/www/html/catalog/view/theme/default/template/error/not_found.tpl on line 11
2015-08-02 1:02:01 - PHP Notice:  Undefined variable: column_right in /var/www/html/catalog/view/theme/default/template/error/not_found.tpl on line 11
2015-08-02 1:02:01 - PHP Notice:  Undefined variable: content_top in /var/www/html/catalog/view/theme/default/template/error/not_found.tpl on line 16
2015-08-02 1:02:01 - PHP Notice:  Undefined variable: heading_title in /var/www/html/catalog/view/theme/default/template/error/not_found.tpl on line 17
2015-08-02 1:02:01 - PHP Notice:  Undefined variable: text_error in /var/www/html/catalog/view/theme/default/template/error/not_found.tpl on line 18
2015-08-02 1:02:01 - PHP Notice:  Undefined variable: continue in /var/www/html/catalog/view/theme/default/template/error/not_found.tpl on line 20
2015-08-02 1:02:01 - PHP Notice:  Undefined variable: button_continue in /var/www/html/catalog/view/theme/default/template/error/not_found.tpl on line 20
2015-08-02 1:02:01 - PHP Notice:  Undefined variable: content_bottom in /var/www/html/catalog/view/theme/default/template/error/not_found.tpl on line 22
2015-08-02 1:02:01 - PHP Notice:  Undefined variable: column_right in /var/www/html/catalog/view/theme/default/template/error/not_found.tpl on line 23
2015-08-02 1:02:01 - PHP Notice:  Undefined variable: footer in /var/www/html/catalog/view/theme/default/template/error/not_found.tpl on line 25
2015-08-02 3:26:46 - PHP Notice:  Undefined index: fax in /var/www/html/catalog/model/account/customer.php on line 16
2015-08-02 3:26:46 - PHP Notice:  Undefined index: company in /var/www/html/catalog/model/account/customer.php on line 20
2015-08-02 4:35:51 - PHP Notice:  Error: Password not accepted from server! in /var/www/html/system/library/mail.php on line 289
2015-08-02 4:44:07 - PHP Notice:  Error: Password not accepted from server! in /var/www/html/system/library/mail.php on line 289
2015-08-02 5:10:24 - PHP Notice:  Undefined index: fax in /var/www/html/catalog/model/account/customer.php on line 16
2015-08-02 5:10:24 - PHP Notice:  Undefined index: company in /var/www/html/catalog/model/account/customer.php on line 20
2015-08-02 17:56:17 - PHP Notice:  Undefined index: fax in /var/www/html/catalog/model/account/customer.php on line 16
2015-08-02 17:56:17 - PHP Notice:  Undefined index: company in /var/www/html/catalog/model/account/customer.php on line 20
2015-08-02 20:01:54 - PHP Notice:  Undefined index: fax in /var/www/html/catalog/model/account/customer.php on line 16
2015-08-02 20:01:54 - PHP Notice:  Undefined index: company in /var/www/html/catalog/model/account/customer.php on line 20
2015-08-02 22:26:32 - PHP Notice:  Undefined index: fax in /var/www/html/catalog/model/account/customer.php on line 16
2015-08-02 22:26:32 - PHP Notice:  Undefined index: company in /var/www/html/catalog/model/account/customer.php on line 20
2015-08-03 2:30:02 - PHP Warning:  htmlspecialchars(): Invalid multibyte sequence in argument in /var/www/html/system/library/request.php on line 26
2015-08-03 2:30:02 - PHP Warning:  htmlspecialchars(): Invalid multibyte sequence in argument in /var/www/html/system/library/request.php on line 26
2015-08-03 2:30:02 - PHP Warning:  htmlspecialchars(): Invalid multibyte sequence in argument in /var/www/html/system/library/request.php on line 26
2015-08-03 2:30:02 - PHP Warning:  htmlspecialchars(): Invalid multibyte sequence in argument in /var/www/html/system/library/request.php on line 26
2015-08-03 2:30:08 - PHP Warning:  htmlspecialchars(): Invalid multibyte sequence in argument in /var/www/html/system/library/request.php on line 26
2015-08-03 2:30:08 - PHP Warning:  htmlspecialchars(): Invalid multibyte sequence in argument in /var/www/html/system/library/request.php on line 26
2015-08-03 2:30:08 - PHP Warning:  htmlspecialchars(): Invalid multibyte sequence in argument in /var/www/html/system/library/request.php on line 26
2015-08-03 2:30:08 - PHP Warning:  htmlspecialchars(): Invalid multibyte sequence in argument in /var/www/html/system/library/request.php on line 26
2015-08-03 20:12:31 - PHP Notice:  Undefined index: fax in /var/www/html/catalog/model/account/customer.php on line 16
2015-08-03 20:12:31 - PHP Notice:  Undefined index: company in /var/www/html/catalog/model/account/customer.php on line 20
2015-08-04 12:12:43 - PHP Notice:  Undefined index: fax in /var/www/html/catalog/model/account/customer.php on line 16
2015-08-04 12:12:43 - PHP Notice:  Undefined index: company in /var/www/html/catalog/model/account/customer.php on line 20
2015-08-05 2:51:46 - PHP Notice:  Undefined index: fax in /var/www/html/catalog/model/account/customer.php on line 16
2015-08-05 2:51:46 - PHP Notice:  Undefined index: company in /var/www/html/catalog/model/account/customer.php on line 20
2015-08-05 3:22:50 - PHP Notice:  Undefined index: fax in /var/www/html/catalog/model/account/customer.php on line 16
2015-08-05 3:22:50 - PHP Notice:  Undefined index: company in /var/www/html/catalog/model/account/customer.php on line 20
2015-08-05 4:38:56 - PHP Notice:  Undefined index: fax in /var/www/html/catalog/model/account/customer.php on line 16
2015-08-05 4:38:56 - PHP Notice:  Undefined index: company in /var/www/html/catalog/model/account/customer.php on line 20
2015-08-05 5:48:57 - PHP Notice:  Undefined offset: 11 in /var/www/html/catalog/view/theme/golebar_theme/template/common/footer.tpl on line 20
2015-08-05 5:49:04 - PHP Notice:  Undefined offset: 11 in /var/www/html/catalog/view/theme/golebar_theme/template/common/footer.tpl on line 20
2015-08-05 5:49:07 - PHP Notice:  Undefined offset: 11 in /var/www/html/catalog/view/theme/golebar_theme/template/common/footer.tpl on line 20
2015-08-05 5:49:15 - PHP Notice:  Undefined offset: 11 in /var/www/html/catalog/view/theme/golebar_theme/template/common/footer.tpl on line 20
2015-08-05 5:49:15 - PHP Notice:  Undefined offset: 11 in /var/www/html/catalog/view/theme/golebar_theme/template/common/footer.tpl on line 20
2015-08-05 5:49:21 - PHP Notice:  Undefined offset: 11 in /var/www/html/catalog/view/theme/golebar_theme/template/common/footer.tpl on line 20
2015-08-05 5:49:21 - PHP Notice:  Undefined offset: 11 in /var/www/html/catalog/view/theme/golebar_theme/template/common/footer.tpl on line 20
2015-08-05 6:29:23 - PHP Notice:  Undefined index: fax in /var/www/html/catalog/model/account/customer.php on line 16
2015-08-05 6:29:23 - PHP Notice:  Undefined index: company in /var/www/html/catalog/model/account/customer.php on line 20
2015-08-05 9:56:58 - PHP Notice:  Undefined index: fax in /var/www/html/catalog/model/account/customer.php on line 16
2015-08-05 9:56:58 - PHP Notice:  Undefined index: company in /var/www/html/catalog/model/account/customer.php on line 20
2015-08-05 13:02:36 - PHP Notice:  Undefined index: fax in /var/www/html/catalog/model/account/customer.php on line 16
2015-08-05 13:02:36 - PHP Notice:  Undefined index: company in /var/www/html/catalog/model/account/customer.php on line 20
2015-08-05 14:27:04 - PHP Notice:  Undefined index: fax in /var/www/html/catalog/model/account/customer.php on line 16
2015-08-05 14:27:04 - PHP Notice:  Undefined index: company in /var/www/html/catalog/model/account/customer.php on line 20
2015-08-05 14:29:19 - PHP Notice:  Undefined index: fax in /var/www/html/catalog/model/account/customer.php on line 16
2015-08-05 14:29:19 - PHP Notice:  Undefined index: company in /var/www/html/catalog/model/account/customer.php on line 20
2015-08-05 14:31:13 - PHP Notice:  Undefined index: fax in /var/www/html/catalog/model/account/customer.php on line 16
2015-08-05 14:31:13 - PHP Notice:  Undefined index: company in /var/www/html/catalog/model/account/customer.php on line 20
2015-08-05 14:41:51 - PHP Notice:  Undefined index: fax in /var/www/html/catalog/model/account/customer.php on line 16
2015-08-05 14:41:51 - PHP Notice:  Undefined index: company in /var/www/html/catalog/model/account/customer.php on line 20
2015-08-05 14:44:18 - PHP Notice:  Undefined index: fax in /var/www/html/catalog/model/account/customer.php on line 16
2015-08-05 14:44:18 - PHP Notice:  Undefined index: company in /var/www/html/catalog/model/account/customer.php on line 20
2015-08-05 15:00:27 - PHP Notice:  Undefined index: fax in /var/www/html/catalog/model/account/customer.php on line 16
2015-08-05 15:00:27 - PHP Notice:  Undefined index: company in /var/www/html/catalog/model/account/customer.php on line 20
2015-08-05 15:52:53 - PHP Notice:  Undefined index: fax in /var/www/html/catalog/model/account/customer.php on line 16
2015-08-05 15:52:53 - PHP Notice:  Undefined index: company in /var/www/html/catalog/model/account/customer.php on line 20
2015-08-05 17:27:18 - PHP Notice:  Undefined index: fax in /var/www/html/catalog/model/account/customer.php on line 16
2015-08-05 17:27:18 - PHP Notice:  Undefined index: company in /var/www/html/catalog/model/account/customer.php on line 20
2015-08-05 18:21:37 - PHP Notice:  Undefined index: fax in /var/www/html/catalog/model/account/customer.php on line 16
2015-08-05 18:21:37 - PHP Notice:  Undefined index: company in /var/www/html/catalog/model/account/customer.php on line 20
2015-08-05 19:43:07 - PHP Notice:  Undefined index: fax in /var/www/html/catalog/model/account/customer.php on line 16
2015-08-05 19:43:07 - PHP Notice:  Undefined index: company in /var/www/html/catalog/model/account/customer.php on line 20
2015-08-05 20:13:03 - PHP Notice:  Undefined index: fax in /var/www/html/catalog/model/account/customer.php on line 16
2015-08-05 20:13:03 - PHP Notice:  Undefined index: company in /var/www/html/catalog/model/account/customer.php on line 20
2015-08-05 20:22:07 - PHP Notice:  Undefined index: fax in /var/www/html/catalog/model/account/customer.php on line 16
2015-08-05 20:22:07 - PHP Notice:  Undefined index: company in /var/www/html/catalog/model/account/customer.php on line 20
2015-08-05 22:21:07 - PHP Notice:  Undefined index: fax in /var/www/html/catalog/model/account/customer.php on line 16
2015-08-05 22:21:07 - PHP Notice:  Undefined index: company in /var/www/html/catalog/model/account/customer.php on line 20
2015-08-05 22:47:13 - PHP Notice:  Undefined index: fax in /var/www/html/catalog/model/account/customer.php on line 16
2015-08-05 22:47:13 - PHP Notice:  Undefined index: company in /var/www/html/catalog/model/account/customer.php on line 20
2015-08-06 0:45:14 - PHP Notice:  Undefined index: fax in /var/www/html/catalog/model/account/customer.php on line 16
2015-08-06 0:45:14 - PHP Notice:  Undefined index: company in /var/www/html/catalog/model/account/customer.php on line 20
2015-08-06 15:34:37 - PHP Notice:  Undefined index: fax in /var/www/html/catalog/model/account/customer.php on line 16
2015-08-06 15:34:37 - PHP Notice:  Undefined index: company in /var/www/html/catalog/model/account/customer.php on line 20
2015-08-06 18:41:36 - PHP Notice:  Undefined index: fax in /var/www/html/catalog/model/account/customer.php on line 16
2015-08-06 18:41:36 - PHP Notice:  Undefined index: company in /var/www/html/catalog/model/account/customer.php on line 20
2015-08-06 19:19:11 - PHP Notice:  Undefined index: fax in /var/www/html/catalog/model/account/customer.php on line 16
2015-08-06 19:19:11 - PHP Notice:  Undefined index: company in /var/www/html/catalog/model/account/customer.php on line 20
2015-08-06 19:51:54 - PHP Warning:  htmlspecialchars(): Invalid multibyte sequence in argument in /var/www/html/system/library/request.php on line 26
2015-08-06 19:51:54 - PHP Warning:  htmlspecialchars(): Invalid multibyte sequence in argument in /var/www/html/system/library/request.php on line 26
2015-08-06 19:51:54 - PHP Warning:  htmlspecialchars(): Invalid multibyte sequence in argument in /var/www/html/system/library/request.php on line 26
2015-08-06 19:51:54 - PHP Warning:  htmlspecialchars(): Invalid multibyte sequence in argument in /var/www/html/system/library/request.php on line 26
2015-08-06 19:52:26 - PHP Warning:  htmlspecialchars(): Invalid multibyte sequence in argument in /var/www/html/system/library/request.php on line 26
2015-08-06 19:52:26 - PHP Warning:  htmlspecialchars(): Invalid multibyte sequence in argument in /var/www/html/system/library/request.php on line 26
2015-08-06 19:52:26 - PHP Warning:  htmlspecialchars(): Invalid multibyte sequence in argument in /var/www/html/system/library/request.php on line 26
2015-08-06 19:52:26 - PHP Warning:  htmlspecialchars(): Invalid multibyte sequence in argument in /var/www/html/system/library/request.php on line 26
2015-08-06 19:52:44 - PHP Warning:  htmlspecialchars(): Invalid multibyte sequence in argument in /var/www/html/system/library/request.php on line 26
2015-08-06 19:52:44 - PHP Warning:  htmlspecialchars(): Invalid multibyte sequence in argument in /var/www/html/system/library/request.php on line 26
2015-08-06 19:52:44 - PHP Warning:  htmlspecialchars(): Invalid multibyte sequence in argument in /var/www/html/system/library/request.php on line 26
2015-08-06 19:52:44 - PHP Warning:  htmlspecialchars(): Invalid multibyte sequence in argument in /var/www/html/system/library/request.php on line 26
2015-08-06 19:52:55 - PHP Warning:  htmlspecialchars(): Invalid multibyte sequence in argument in /var/www/html/system/library/request.php on line 26
2015-08-06 19:52:55 - PHP Warning:  htmlspecialchars(): Invalid multibyte sequence in argument in /var/www/html/system/library/request.php on line 26
2015-08-06 19:52:55 - PHP Warning:  htmlspecialchars(): Invalid multibyte sequence in argument in /var/www/html/system/library/request.php on line 26
2015-08-06 19:52:55 - PHP Warning:  htmlspecialchars(): Invalid multibyte sequence in argument in /var/www/html/system/library/request.php on line 26
2015-08-06 22:13:43 - PHP Notice:  Undefined index: fax in /var/www/html/catalog/model/account/customer.php on line 16
2015-08-06 22:13:43 - PHP Notice:  Undefined index: company in /var/www/html/catalog/model/account/customer.php on line 20
2015-08-07 1:52:32 - PHP Notice:  Undefined index: fax in /var/www/html/catalog/model/account/customer.php on line 16
2015-08-07 1:52:32 - PHP Notice:  Undefined index: company in /var/www/html/catalog/model/account/customer.php on line 20
2015-08-07 3:41:04 - PHP Notice:  Undefined index: fax in /var/www/html/catalog/model/account/customer.php on line 16
2015-08-07 3:41:04 - PHP Notice:  Undefined index: company in /var/www/html/catalog/model/account/customer.php on line 20
2015-08-07 9:33:13 - PHP Notice:  Undefined index: fax in /var/www/html/catalog/model/account/customer.php on line 16
2015-08-07 9:33:13 - PHP Notice:  Undefined index: company in /var/www/html/catalog/model/account/customer.php on line 20
2015-08-07 14:22:20 - PHP Notice:  Undefined index: fax in /var/www/html/catalog/model/account/customer.php on line 16
2015-08-07 14:22:20 - PHP Notice:  Undefined index: company in /var/www/html/catalog/model/account/customer.php on line 20
2015-08-07 14:32:38 - PHP Notice:  Undefined index: fax in /var/www/html/catalog/model/account/customer.php on line 16
2015-08-07 14:32:38 - PHP Notice:  Undefined index: company in /var/www/html/catalog/model/account/customer.php on line 20
2015-08-07 15:32:58 - PHP Notice:  Undefined index: fax in /var/www/html/catalog/model/account/customer.php on line 16
2015-08-07 15:32:58 - PHP Notice:  Undefined index: company in /var/www/html/catalog/model/account/customer.php on line 20
2015-08-07 15:51:48 - PHP Notice:  Undefined index: fax in /var/www/html/catalog/model/account/customer.php on line 16
2015-08-07 15:51:48 - PHP Notice:  Undefined index: company in /var/www/html/catalog/model/account/customer.php on line 20
2015-08-07 16:29:10 - PHP Notice:  Undefined index: fax in /var/www/html/catalog/model/account/customer.php on line 16
2015-08-07 16:29:10 - PHP Notice:  Undefined index: company in /var/www/html/catalog/model/account/customer.php on line 20
2015-08-07 16:34:30 - PHP Notice:  Undefined index: fax in /var/www/html/catalog/model/account/customer.php on line 16
2015-08-07 16:34:30 - PHP Notice:  Undefined index: company in /var/www/html/catalog/model/account/customer.php on line 20
2015-08-07 16:44:01 - PHP Notice:  Undefined index: fax in /var/www/html/catalog/model/account/customer.php on line 16
2015-08-07 16:44:01 - PHP Notice:  Undefined index: company in /var/www/html/catalog/model/account/customer.php on line 20
2015-08-07 18:00:01 - PHP Notice:  Undefined index: fax in /var/www/html/catalog/model/account/customer.php on line 16
2015-08-07 18:00:01 - PHP Notice:  Undefined index: company in /var/www/html/catalog/model/account/customer.php on line 20
2015-08-07 18:05:30 - PHP Notice:  Undefined index: fax in /var/www/html/catalog/model/account/customer.php on line 16
2015-08-07 18:05:30 - PHP Notice:  Undefined index: company in /var/www/html/catalog/model/account/customer.php on line 20
2015-08-07 19:01:48 - PHP Notice:  Undefined index: fax in /var/www/html/catalog/model/account/customer.php on line 16
2015-08-07 19:01:48 - PHP Notice:  Undefined index: company in /var/www/html/catalog/model/account/customer.php on line 20
2015-08-07 19:46:52 - PHP Notice:  Undefined index: fax in /var/www/html/catalog/model/account/customer.php on line 16
2015-08-07 19:46:52 - PHP Notice:  Undefined index: company in /var/www/html/catalog/model/account/customer.php on line 20
2015-08-07 20:46:05 - PHP Notice:  Undefined index: fax in /var/www/html/catalog/model/account/customer.php on line 16
2015-08-07 20:46:05 - PHP Notice:  Undefined index: company in /var/www/html/catalog/model/account/customer.php on line 20
2015-08-07 20:59:30 - PHP Notice:  Undefined index: fax in /var/www/html/catalog/model/account/customer.php on line 16
2015-08-07 20:59:30 - PHP Notice:  Undefined index: company in /var/www/html/catalog/model/account/customer.php on line 20
2015-08-07 21:23:47 - PHP Notice:  Undefined index: fax in /var/www/html/catalog/model/account/customer.php on line 16
2015-08-07 21:23:47 - PHP Notice:  Undefined index: company in /var/www/html/catalog/model/account/customer.php on line 20
2015-08-07 22:12:34 - PHP Notice:  Undefined index: fax in /var/www/html/catalog/model/account/customer.php on line 16
2015-08-07 22:12:34 - PHP Notice:  Undefined index: company in /var/www/html/catalog/model/account/customer.php on line 20
2015-08-08 0:34:09 - PHP Notice:  Undefined index: fax in /var/www/html/catalog/model/account/customer.php on line 16
2015-08-08 0:34:09 - PHP Notice:  Undefined index: company in /var/www/html/catalog/model/account/customer.php on line 20
2015-08-08 0:37:53 - PHP Notice:  Undefined index: fax in /var/www/html/catalog/model/account/customer.php on line 16
2015-08-08 0:37:53 - PHP Notice:  Undefined index: company in /var/www/html/catalog/model/account/customer.php on line 20
2015-08-08 3:23:08 - PHP Notice:  Undefined index: fax in /var/www/html/catalog/model/account/customer.php on line 16
2015-08-08 3:23:08 - PHP Notice:  Undefined index: company in /var/www/html/catalog/model/account/customer.php on line 20
2015-08-08 4:25:30 - PHP Notice:  Undefined index: fax in /var/www/html/catalog/model/account/customer.php on line 16
2015-08-08 4:25:30 - PHP Notice:  Undefined index: company in /var/www/html/catalog/model/account/customer.php on line 20
2015-08-08 10:58:39 - PHP Notice:  Undefined index: fax in /var/www/html/catalog/model/account/customer.php on line 16
2015-08-08 10:58:39 - PHP Notice:  Undefined index: company in /var/www/html/catalog/model/account/customer.php on line 20
2015-08-08 11:21:28 - PHP Notice:  Undefined index: fax in /var/www/html/catalog/model/account/customer.php on line 16
2015-08-08 11:21:28 - PHP Notice:  Undefined index: company in /var/www/html/catalog/model/account/customer.php on line 20
2015-08-08 11:40:03 - PHP Notice:  Undefined index: fax in /var/www/html/catalog/model/account/customer.php on line 16
2015-08-08 11:40:03 - PHP Notice:  Undefined index: company in /var/www/html/catalog/model/account/customer.php on line 20
2015-08-08 16:12:46 - PHP Notice:  Undefined index: fax in /var/www/html/catalog/model/account/customer.php on line 16
2015-08-08 16:12:46 - PHP Notice:  Undefined index: company in /var/www/html/catalog/model/account/customer.php on line 20
2015-08-08 18:44:41 - PHP Notice:  Undefined index: fax in /var/www/html/catalog/model/account/customer.php on line 16
2015-08-08 18:44:41 - PHP Notice:  Undefined index: company in /var/www/html/catalog/model/account/customer.php on line 20
2015-08-08 20:46:40 - PHP Notice:  Undefined index: fax in /var/www/html/catalog/model/account/customer.php on line 16
2015-08-08 20:46:40 - PHP Notice:  Undefined index: company in /var/www/html/catalog/model/account/customer.php on line 20
2015-08-08 23:06:55 - PHP Notice:  Undefined index: fax in /var/www/html/catalog/model/account/customer.php on line 16
2015-08-08 23:06:55 - PHP Notice:  Undefined index: company in /var/www/html/catalog/model/account/customer.php on line 20
2015-08-09 1:44:10 - PHP Notice:  Undefined index: fax in /var/www/html/catalog/model/account/customer.php on line 16
2015-08-09 1:44:10 - PHP Notice:  Undefined index: company in /var/www/html/catalog/model/account/customer.php on line 20
2015-08-09 2:48:54 - PHP Notice:  Undefined index: fax in /var/www/html/catalog/model/account/customer.php on line 16
2015-08-09 2:48:54 - PHP Notice:  Undefined index: company in /var/www/html/catalog/model/account/customer.php on line 20
2015-08-09 5:38:54 - PHP Notice:  Undefined index: fax in /var/www/html/catalog/model/account/customer.php on line 16
2015-08-09 5:38:54 - PHP Notice:  Undefined index: company in /var/www/html/catalog/model/account/customer.php on line 20
2015-08-09 6:07:46 - PHP Warning:  htmlspecialchars(): Invalid multibyte sequence in argument in /var/www/html/system/library/request.php on line 26
2015-08-09 6:07:46 - PHP Warning:  htmlspecialchars(): Invalid multibyte sequence in argument in /var/www/html/system/library/request.php on line 26
2015-08-09 6:07:46 - PHP Warning:  htmlspecialchars(): Invalid multibyte sequence in argument in /var/www/html/system/library/request.php on line 26
2015-08-09 6:07:46 - PHP Warning:  htmlspecialchars(): Invalid multibyte sequence in argument in /var/www/html/system/library/request.php on line 26
2015-08-09 6:08:06 - PHP Warning:  htmlspecialchars(): Invalid multibyte sequence in argument in /var/www/html/system/library/request.php on line 26
2015-08-09 6:08:06 - PHP Warning:  htmlspecialchars(): Invalid multibyte sequence in argument in /var/www/html/system/library/request.php on line 26
2015-08-09 6:08:06 - PHP Warning:  htmlspecialchars(): Invalid multibyte sequence in argument in /var/www/html/system/library/request.php on line 26
2015-08-09 6:08:06 - PHP Warning:  htmlspecialchars(): Invalid multibyte sequence in argument in /var/www/html/system/library/request.php on line 26
2015-08-09 6:08:40 - PHP Warning:  htmlspecialchars(): Invalid multibyte sequence in argument in /var/www/html/system/library/request.php on line 26
2015-08-09 6:08:40 - PHP Warning:  htmlspecialchars(): Invalid multibyte sequence in argument in /var/www/html/system/library/request.php on line 26
2015-08-09 6:08:40 - PHP Warning:  htmlspecialchars(): Invalid multibyte sequence in argument in /var/www/html/system/library/request.php on line 26
2015-08-09 6:08:40 - PHP Warning:  htmlspecialchars(): Invalid multibyte sequence in argument in /var/www/html/system/library/request.php on line 26
2015-08-09 7:08:56 - PHP Notice:  Undefined index: fax in /var/www/html/catalog/model/account/customer.php on line 16
2015-08-09 7:08:56 - PHP Notice:  Undefined index: company in /var/www/html/catalog/model/account/customer.php on line 20
2015-08-09 12:09:32 - PHP Warning:  htmlspecialchars(): Invalid multibyte sequence in argument in /var/www/html/system/library/request.php on line 26
2015-08-09 12:09:32 - PHP Warning:  htmlspecialchars(): Invalid multibyte sequence in argument in /var/www/html/system/library/request.php on line 26
2015-08-09 12:09:32 - PHP Warning:  htmlspecialchars(): Invalid multibyte sequence in argument in /var/www/html/system/library/request.php on line 26
2015-08-09 12:09:32 - PHP Warning:  htmlspecialchars(): Invalid multibyte sequence in argument in /var/www/html/system/library/request.php on line 26
2015-08-09 12:09:40 - PHP Warning:  htmlspecialchars(): Invalid multibyte sequence in argument in /var/www/html/system/library/request.php on line 26
2015-08-09 12:09:40 - PHP Warning:  htmlspecialchars(): Invalid multibyte sequence in argument in /var/www/html/system/library/request.php on line 26
2015-08-09 12:09:40 - PHP Warning:  htmlspecialchars(): Invalid multibyte sequence in argument in /var/www/html/system/library/request.php on line 26
2015-08-09 12:09:40 - PHP Warning:  htmlspecialchars(): Invalid multibyte sequence in argument in /var/www/html/system/library/request.php on line 26
2015-08-09 12:10:49 - PHP Warning:  htmlspecialchars(): Invalid multibyte sequence in argument in /var/www/html/system/library/request.php on line 26
2015-08-09 12:10:49 - PHP Warning:  htmlspecialchars(): Invalid multibyte sequence in argument in /var/www/html/system/library/request.php on line 26
2015-08-09 12:10:49 - PHP Warning:  htmlspecialchars(): Invalid multibyte sequence in argument in /var/www/html/system/library/request.php on line 26
2015-08-09 12:10:49 - PHP Warning:  htmlspecialchars(): Invalid multibyte sequence in argument in /var/www/html/system/library/request.php on line 26
2015-08-09 15:24:51 - PHP Notice:  Undefined index: fax in /var/www/html/catalog/model/account/customer.php on line 16
2015-08-09 15:24:51 - PHP Notice:  Undefined index: company in /var/www/html/catalog/model/account/customer.php on line 20
2015-08-10 2:12:29 - PHP Notice:  Undefined index: fax in /var/www/html/catalog/model/account/customer.php on line 16
2015-08-10 2:12:29 - PHP Notice:  Undefined index: company in /var/www/html/catalog/model/account/customer.php on line 20
2015-08-10 5:09:06 - PHP Notice:  Undefined index: fax in /var/www/html/catalog/model/account/customer.php on line 16
2015-08-10 5:09:06 - PHP Notice:  Undefined index: company in /var/www/html/catalog/model/account/customer.php on line 20
2015-08-10 5:18:36 - PHP Notice:  Undefined index: fax in /var/www/html/catalog/model/account/customer.php on line 16
2015-08-10 5:18:36 - PHP Notice:  Undefined index: company in /var/www/html/catalog/model/account/customer.php on line 20
2015-08-10 6:06:46 - PHP Notice:  Undefined index: fax in /var/www/html/catalog/model/account/customer.php on line 16
2015-08-10 6:06:46 - PHP Notice:  Undefined index: company in /var/www/html/catalog/model/account/customer.php on line 20
2015-08-10 6:15:21 - PHP Notice:  Undefined index: fax in /var/www/html/catalog/model/account/customer.php on line 106
2015-08-10 6:16:22 - PHP Notice:  Undefined index: fax in /var/www/html/catalog/model/account/customer.php on line 106
2015-08-10 16:40:19 - PHP Notice:  Undefined index: fax in /var/www/html/catalog/model/account/customer.php on line 16
2015-08-10 16:40:19 - PHP Notice:  Undefined index: company in /var/www/html/catalog/model/account/customer.php on line 20
2015-08-10 22:27:39 - PHP Notice:  Undefined index: fax in /var/www/html/catalog/model/account/customer.php on line 16
2015-08-10 22:27:39 - PHP Notice:  Undefined index: company in /var/www/html/catalog/model/account/customer.php on line 20
2015-08-11 21:52:05 - PHP Notice:  Undefined index: fax in /var/www/html/catalog/model/account/customer.php on line 16
2015-08-11 21:52:05 - PHP Notice:  Undefined index: company in /var/www/html/catalog/model/account/customer.php on line 20
2015-08-11 22:45:00 - PHP Notice:  Undefined index: fax in /var/www/html/catalog/model/account/customer.php on line 16
2015-08-11 22:45:00 - PHP Notice:  Undefined index: company in /var/www/html/catalog/model/account/customer.php on line 20
2015-08-11 23:02:16 - PHP Notice:  Undefined index: fax in /var/www/html/catalog/model/account/customer.php on line 16
2015-08-11 23:02:16 - PHP Notice:  Undefined index: company in /var/www/html/catalog/model/account/customer.php on line 20
2015-08-11 23:06:21 - PHP Notice:  Undefined index: payment_status in /var/www/html/catalog/controller/payment/pp_express.php on line 1634
2015-08-11 23:06:21 - PHP Notice:  Undefined index: payment_status in /var/www/html/catalog/controller/payment/pp_express.php on line 1635
2015-08-11 23:21:32 - PHP Notice:  Undefined index: payment_status in /var/www/html/catalog/controller/payment/pp_express.php on line 1634
2015-08-11 23:32:08 - PHP Notice:  Undefined index: fax in /var/www/html/catalog/model/account/customer.php on line 16
2015-08-11 23:32:08 - PHP Notice:  Undefined index: company in /var/www/html/catalog/model/account/customer.php on line 20
2015-08-11 23:49:34 - PHP Notice:  Undefined index: fax in /var/www/html/catalog/model/account/customer.php on line 16
2015-08-11 23:49:34 - PHP Notice:  Undefined index: company in /var/www/html/catalog/model/account/customer.php on line 20
2015-08-12 0:06:52 - PHP Notice:  Undefined index: fax in /var/www/html/catalog/model/account/customer.php on line 16
2015-08-12 0:06:52 - PHP Notice:  Undefined index: company in /var/www/html/catalog/model/account/customer.php on line 20
2015-08-12 0:56:33 - PHP Notice:  Undefined index: fax in /var/www/html/catalog/model/account/customer.php on line 16
2015-08-12 0:56:33 - PHP Notice:  Undefined index: company in /var/www/html/catalog/model/account/customer.php on line 20
2015-08-12 4:46:36 - PHP Notice:  Undefined index: fax in /var/www/html/catalog/model/account/customer.php on line 16
2015-08-12 4:46:36 - PHP Notice:  Undefined index: company in /var/www/html/catalog/model/account/customer.php on line 20
2015-08-12 4:49:33 - PHP Notice:  Undefined index: fax in /var/www/html/catalog/model/account/customer.php on line 16
2015-08-12 4:49:33 - PHP Notice:  Undefined index: company in /var/www/html/catalog/model/account/customer.php on line 20
